<?xml version="1.0" encoding="UTF-8"?>
<!-- Generated by org.testng.reporters.JUnitXMLReporter -->
<testsuite hostname="LAPTOP-LOG2SSBM" ignored="0" name="Test" tests="5" failures="2" timestamp="30 Jun 2020 14:24:34 GMT" time="53.24" errors="0">
  <testcase name="abc" time="6.684" classname="Hola.Actn"/>
  <testcase name="check" time="10.248" classname="Hola.Actn"/>
  <testcase name="def" time="4.71" classname="Hola.Actn"/>
  <testcase name="dateclick" time="25.818" classname="Hola.table">
    <failure type="org.openqa.selenium.NoSuchElementException" message="Cannot locate an element using id=datepicker
For documentation on this error, please visit: https://www.seleniumhq.org/exceptions/no_such_element.html
Build info: version: &amp;apos;3.141.59&amp;apos;, revision: &amp;apos;e82be7d358&amp;apos;, time: &amp;apos;2018-11-14T08:17:03&amp;apos;
System info: host: &amp;apos;LAPTOP-LOG2SSBM&amp;apos;, ip: &amp;apos;192.168.1.105&amp;apos;, os.name: &amp;apos;Windows 10&amp;apos;, os.arch: &amp;apos;amd64&amp;apos;, os.version: &amp;apos;10.0&amp;apos;, java.version: &amp;apos;1.8.0_231&amp;apos;
Driver info: driver.version: RemoteWebDriver">
      <![CDATA[org.openqa.selenium.NoSuchElementException: Cannot locate an element using id=datepicker
For documentation on this error, please visit: https://www.seleniumhq.org/exceptions/no_such_element.html
Build info: version: '3.141.59', revision: 'e82be7d358', time: '2018-11-14T08:17:03'
System info: host: 'LAPTOP-LOG2SSBM', ip: '192.168.1.105', os.name: 'Windows 10', os.arch: 'amd64', os.version: '10.0', java.version: '1.8.0_231'
Driver info: driver.version: RemoteWebDriver
at org.openqa.selenium.remote.RemoteWebDriver.findElement(RemoteWebDriver.java:327)
at org.openqa.selenium.remote.RemoteWebDriver.findElementById(RemoteWebDriver.java:372)
at org.openqa.selenium.By$ById.findElement(By.java:188)
at org.openqa.selenium.remote.RemoteWebDriver.findElement(RemoteWebDriver.java:315)
at Hola.Tableobject.textbox(Tableobject.java:34)
at Hola.table.dateclick(table.java:37)
... Removed 29 stack frames]]>
    </failure>
  </testcase> <!-- dateclick -->
  <testcase name="prac" time="5.758" classname="Hola.table">
    <failure type="java.lang.IndexOutOfBoundsException" message="Index: 25, Size: 25">
      <![CDATA[java.lang.IndexOutOfBoundsException: Index: 25, Size: 25
at java.util.ArrayList.rangeCheck(ArrayList.java:657)
at java.util.ArrayList.get(ArrayList.java:433)
at Hola.table.prac(table.java:25)
... Removed 29 stack frames]]>
    </failure>
  </testcase> <!-- prac -->
</testsuite> <!-- Test -->
